
> vite_react_shadcn_ts@0.0.0 lint
> eslint . --max-warnings 0


D:\swk-clean\react\app\src\components\AiChat\AiChatWindow.tsx
   42:6  warning  React Hook useEffect has a missing dependency: 'loadInitialContext'. Either include it or remove the dependency array                                                                                                                        react-hooks/exhaustive-deps
  152:6  warning  React Hook useCallback has a missing dependency: 'getChatContext'. Either include it or remove the dependency array. Outer scope values like 'speechEngine' aren't valid dependencies because mutating them doesn't re-render the component  react-hooks/exhaustive-deps

D:\swk-clean\react\app\src\components\VoiceChatbot.tsx
  77:6  warning  React Hook useEffect has a missing dependency: 'handleSubmit'. Either include it or remove the dependency array  react-hooks/exhaustive-deps

D:\swk-clean\react\app\src\components\chat\ChatAssistant.tsx
  207:6  warning  React Hook useCallback has a missing dependency: 'speak'. Either include it or remove the dependency array  react-hooks/exhaustive-deps

D:\swk-clean\react\app\src\components\home\EnhancedHeroSection.tsx
  50:6  warning  React Hook useEffect has a missing dependency: 'slides.length'. Either include it or remove the dependency array  react-hooks/exhaustive-deps

D:\swk-clean\react\app\src\components\job-log\JobLog.tsx
  24:6  warning  React Hook useEffect has a missing dependency: 'fetchJobs'. Either include it or remove the dependency array  react-hooks/exhaustive-deps

D:\swk-clean\react\app\src\components\layout\WorkerLayout.tsx
  49:6  warning  React Hook useEffect has a missing dependency: 'fetchWorkerProfile'. Either include it or remove the dependency array  react-hooks/exhaustive-deps

D:\swk-clean\react\app\src\components\maps\ThekedarMapHub.tsx
  101:6  warning  React Hook useEffect has missing dependencies: 'fetchData' and 'startLocationTracking'. Either include them or remove the dependency array  react-hooks/exhaustive-deps

D:\swk-clean\react\app\src\components\maps\WorkerMapDashboard.tsx
  76:6  warning  React Hook useEffect has missing dependencies: 'fetchJobs' and 'startLocationTracking'. Either include them or remove the dependency array  react-hooks/exhaustive-deps

D:\swk-clean\react\app\src\components\ui\badge.tsx
  13:17  warning  Fast refresh only works when a file only exports components. Use a new file to share constants or functions between components  react-refresh/only-export-components

D:\swk-clean\react\app\src\components\ui\button.tsx
  25:18  warning  Fast refresh only works when a file only exports components. Use a new file to share constants or functions between components  react-refresh/only-export-components

D:\swk-clean\react\app\src\components\ui\command.tsx
  24:11  error  An interface declaring no members is equivalent to its supertype  @typescript-eslint/no-empty-object-type

D:\swk-clean\react\app\src\components\ui\form.tsx
  129:10  warning  Fast refresh only works when a file only exports components. Use a new file to share constants or functions between components  react-refresh/only-export-components

D:\swk-clean\react\app\src\components\ui\navigation-menu.tsx
  111:3  warning  Fast refresh only works when a file only exports components. Use a new file to share constants or functions between components  react-refresh/only-export-components

D:\swk-clean\react\app\src\components\ui\sidebar.tsx
  636:3  warning  Fast refresh only works when a file only exports components. Use a new file to share constants or functions between components  react-refresh/only-export-components

D:\swk-clean\react\app\src\components\ui\sonner.tsx
  27:19  warning  Fast refresh only works when a file only exports components. Use a new file to share constants or functions between components  react-refresh/only-export-components

D:\swk-clean\react\app\src\components\ui\textarea.tsx
  5:18  error  An interface declaring no members is equivalent to its supertype  @typescript-eslint/no-empty-object-type

D:\swk-clean\react\app\src\components\ui\toggle.tsx
  37:18  warning  Fast refresh only works when a file only exports components. Use a new file to share constants or functions between components  react-refresh/only-export-components

D:\swk-clean\react\app\src\contexts\AuthContext.tsx
  235:17  warning  Fast refresh only works when a file only exports components. Use a new file to share constants or functions between components  react-refresh/only-export-components

D:\swk-clean\react\app\src\contexts\LanguageContext.tsx
  310:17  warning  Fast refresh only works when a file only exports components. Use a new file to share constants or functions between components  react-refresh/only-export-components
  318:14  warning  Fast refresh only works when a file only exports components. Use a new file to share constants or functions between components  react-refresh/only-export-components

D:\swk-clean\react\app\src\contexts\NotificationContext.tsx
  121:6   warning  React Hook React.useCallback has unnecessary dependencies: 'language' and 'user'. Either exclude them or remove the dependency array                                 react-hooks/exhaustive-deps
  128:6   warning  React Hook React.useCallback has unnecessary dependencies: 'addNotification', 'language', 'profile', and 'user'. Either exclude them or remove the dependency array  react-hooks/exhaustive-deps
  256:17  warning  Fast refresh only works when a file only exports components. Use a new file to share constants or functions between components                                       react-refresh/only-export-components

D:\swk-clean\react\app\src\hooks\useJobRequests.ts
  48:6  warning  React Hook useEffect has a missing dependency: 'fetchJobs'. Either include it or remove the dependency array  react-hooks/exhaustive-deps

D:\swk-clean\react\app\src\hooks\useWalletTransactions.ts
  29:6  warning  React Hook useEffect has a missing dependency: 'fetchTransactions'. Either include it or remove the dependency array  react-hooks/exhaustive-deps

D:\swk-clean\react\app\src\hooks\useWorkerProfile.ts
  33:6  warning  React Hook useEffect has a missing dependency: 'fetchWorkerProfile'. Either include it or remove the dependency array  react-hooks/exhaustive-deps

D:\swk-clean\react\app\src\main.backup.tsx
  16:7  warning  Fast refresh only works when a file has exports. Move your component(s) to a separate file  react-refresh/only-export-components

D:\swk-clean\react\app\src\pages\IndexFixed.tsx
  27:6  warning  React Hook useEffect has a missing dependency: 'subscribeToUserBookings'. Either include it or remove the dependency array  react-hooks/exhaustive-deps

D:\swk-clean\react\app\src\pages\thekedar\EnhancedSiteVisits.tsx
  95:6  warning  React Hook useEffect has a missing dependency: 'mockVisits'. Either include it or remove the dependency array  react-hooks/exhaustive-deps

D:\swk-clean\react\app\src\pages\thekedar\ThekedarSiteVisits.tsx
  46:6  warning  React Hook useEffect has a missing dependency: 'fetchSiteVisits'. Either include it or remove the dependency array  react-hooks/exhaustive-deps

D:\swk-clean\react\app\src\pages\worker\WorkerEarningsPage.tsx
  35:6  warning  React Hook useEffect has a missing dependency: 'fetchEarningsData'. Either include it or remove the dependency array  react-hooks/exhaustive-deps

D:\swk-clean\react\app\src\pages\worker\WorkerJobsPage.tsx
  21:6  warning  React Hook useEffect has a missing dependency: 'fetchJobs'. Either include it or remove the dependency array  react-hooks/exhaustive-deps

D:\swk-clean\react\app\src\pages\worker\WorkerNotificationsPage.tsx
  20:6  warning  React Hook useEffect has a missing dependency: 'fetchNotifications'. Either include it or remove the dependency array  react-hooks/exhaustive-deps

D:\swk-clean\react\app\src\pages\worker\WorkerProfilePage.tsx
  36:6  warning  React Hook useEffect has a missing dependency: 'fetchWorkerProfile'. Either include it or remove the dependency array  react-hooks/exhaustive-deps

D:\swk-clean\react\app\src\pages\worker\WorkerSchedulePage.tsx
  41:6  warning  React Hook useEffect has a missing dependency: 'fetchSchedule'. Either include it or remove the dependency array  react-hooks/exhaustive-deps

D:\swk-clean\react\app\src\pages\worker\WorkerSettingsPage.tsx
  105:6  warning  React Hook useEffect has a missing dependency: 'loadSettingsData'. Either include it or remove the dependency array  react-hooks/exhaustive-deps

Γ£û 37 problems (2 errors, 35 warnings)

